<?xml version="1.0" encoding="utf-8"?><testsuites name="pytest tests"><testsuite name="pytest" errors="0" failures="2" skipped="1" tests="21" time="48.310" timestamp="2026-04-16T07:44:07.143139+00:00" hostname="agent-env-8c001e18-d485-47ab-8c59-209395b89802"><testcase classname="tests.test_laila_api.TestHealthCheck" name="test_health_endpoint" time="0.222" /><testcase classname="tests.test_laila_api.TestChatEndpoint" name="test_chat_create_new_conversation" time="1.510" /><testcase classname="tests.test_laila_api.TestChatEndpoint" name="test_chat_continue_conversation" time="4.514" /><testcase classname="tests.test_laila_api.TestChatEndpoint" name="test_chat_missing_fields" time="0.119" /><testcase classname="tests.test_laila_api.TestTranslateEndpoint" name="test_translate_french_to_english" time="2.494" /><testcase classname="tests.test_laila_api.TestTranslateEndpoint" name="test_translate_english_to_wolof" time="0.352"><failure message="assert 500 == 200&#10; +  where 500 = &lt;Response [500]&gt;.status_code">tests/test_laila_api.py:116: in test_translate_english_to_wolof
    assert response.status_code == 200
E   assert 500 == 200
E    +  where 500 = &lt;Response [500]&gt;.status_code</failure></testcase><testcase classname="tests.test_laila_api.TestTranslateEndpoint" name="test_translate_missing_fields" time="0.098" /><testcase classname="tests.test_laila_api.TestGenerateEndpoint" name="test_generate_cv" time="1.009"><failure message="assert 500 == 200&#10; +  where 500 = &lt;Response [500]&gt;.status_code">tests/test_laila_api.py:142: in test_generate_cv
    assert response.status_code == 200
E   assert 500 == 200
E    +  where 500 = &lt;Response [500]&gt;.status_code</failure></testcase><testcase classname="tests.test_laila_api.TestGenerateEndpoint" name="test_generate_job_ideas" time="9.167" /><testcase classname="tests.test_laila_api.TestGenerateEndpoint" name="test_generate_business_ideas" time="10.399" /><testcase classname="tests.test_laila_api.TestGenerateEndpoint" name="test_generate_homework" time="6.511" /><testcase classname="tests.test_laila_api.TestGenerateEndpoint" name="test_generate_social_media" time="5.485" /><testcase classname="tests.test_laila_api.TestGenerateEndpoint" name="test_generate_professional_message" time="4.751" /><testcase classname="tests.test_laila_api.TestGenerateEndpoint" name="test_generate_invalid_type" time="0.093" /><testcase classname="tests.test_laila_api.TestConversationsEndpoint" name="test_list_conversations" time="0.100" /><testcase classname="tests.test_laila_api.TestConversationsEndpoint" name="test_list_conversations_empty_device" time="0.101" /><testcase classname="tests.test_laila_api.TestMessagesEndpoint" name="test_get_messages" time="0.155" /><testcase classname="tests.test_laila_api.TestMessagesEndpoint" name="test_get_messages_nonexistent_conversation" time="0.101" /><testcase classname="tests.test_laila_api.TestDeleteConversation" name="test_delete_conversation" time="0.000"><skipped type="pytest.skip" message="No conversation to delete">/app/backend/tests/test_laila_api.py:314: No conversation to delete</skipped></testcase><testcase classname="tests.test_laila_api.TestDeleteConversation" name="test_delete_nonexistent_conversation" time="0.096" /><testcase classname="tests.test_laila_api.TestCleanup" name="test_cleanup_test_conversations" time="0.913" /></testsuite></testsuites>