<?xml version="1.0" encoding="utf-8"?><testsuites name="pytest tests"><testsuite name="pytest" errors="0" failures="0" skipped="0" tests="17" time="44.726" timestamp="2026-04-17T18:41:27.122332+00:00" hostname="agent-env-8c001e18-d485-47ab-8c59-209395b89802"><testcase classname="tests.test_iteration7_features.TestSettings" name="test_get_settings_default" time="0.357" /><testcase classname="tests.test_iteration7_features.TestSettings" name="test_update_settings" time="0.323" /><testcase classname="tests.test_iteration7_features.TestSettings" name="test_settings_requires_auth" time="0.261" /><testcase classname="tests.test_iteration7_features.TestMemory" name="test_get_memory_empty" time="0.288" /><testcase classname="tests.test_iteration7_features.TestMemory" name="test_clear_memory" time="0.244" /><testcase classname="tests.test_iteration7_features.TestMemory" name="test_memory_extraction_from_chat" time="2.451" /><testcase classname="tests.test_iteration7_features.TestMemory" name="test_memory_requires_auth" time="0.225" /><testcase classname="tests.test_iteration7_features.TestHistoryDeletion" name="test_clear_history" time="1.056" /><testcase classname="tests.test_iteration7_features.TestHistoryDeletion" name="test_clear_history_requires_auth" time="0.122" /><testcase classname="tests.test_iteration7_features.TestImageGeneration" name="test_generate_image" time="13.909" /><testcase classname="tests.test_iteration7_features.TestImageGeneration" name="test_image_generation_requires_auth" time="15.446" /><testcase classname="tests.test_iteration7_features.TestChatTone" name="test_chat_tone_no_robotic_phrases" time="6.565" /><testcase classname="tests.test_iteration7_features.TestExistingEndpoints" name="test_auth_endpoints" time="0.190" /><testcase classname="tests.test_iteration7_features.TestExistingEndpoints" name="test_chat_endpoint" time="0.859" /><testcase classname="tests.test_iteration7_features.TestExistingEndpoints" name="test_translate_endpoint" time="0.992" /><testcase classname="tests.test_iteration7_features.TestExistingEndpoints" name="test_tts_endpoint" time="1.221" /><testcase classname="tests.test_iteration7_features.TestExistingEndpoints" name="test_payment_plans_endpoint" time="0.108" /></testsuite></testsuites>