<?xml version="1.0" encoding="utf-8"?><testsuites name="pytest tests"><testsuite name="pytest" errors="0" failures="0" skipped="0" tests="21" time="48.401" timestamp="2026-04-16T12:14:20.397578+00:00" hostname="agent-env-8c001e18-d485-47ab-8c59-209395b89802"><testcase classname="tests.test_laila_api.TestHealthCheck" name="test_health_endpoint" time="0.204" /><testcase classname="tests.test_laila_api.TestChatEndpoint" name="test_chat_create_new_conversation" time="1.844" /><testcase classname="tests.test_laila_api.TestChatEndpoint" name="test_chat_continue_conversation" time="5.024" /><testcase classname="tests.test_laila_api.TestChatEndpoint" name="test_chat_missing_fields" time="0.199" /><testcase classname="tests.test_laila_api.TestTranslateEndpoint" name="test_translate_french_to_english" time="0.859" /><testcase classname="tests.test_laila_api.TestTranslateEndpoint" name="test_translate_english_to_wolof" time="1.756" /><testcase classname="tests.test_laila_api.TestTranslateEndpoint" name="test_translate_missing_fields" time="0.121" /><testcase classname="tests.test_laila_api.TestGenerateEndpoint" name="test_generate_cv" time="3.638" /><testcase classname="tests.test_laila_api.TestGenerateEndpoint" name="test_generate_job_ideas" time="7.859" /><testcase classname="tests.test_laila_api.TestGenerateEndpoint" name="test_generate_business_ideas" time="12.202" /><testcase classname="tests.test_laila_api.TestGenerateEndpoint" name="test_generate_homework" time="3.161" /><testcase classname="tests.test_laila_api.TestGenerateEndpoint" name="test_generate_social_media" time="5.522" /><testcase classname="tests.test_laila_api.TestGenerateEndpoint" name="test_generate_professional_message" time="3.177" /><testcase classname="tests.test_laila_api.TestGenerateEndpoint" name="test_generate_invalid_type" time="0.182" /><testcase classname="tests.test_laila_api.TestConversationsEndpoint" name="test_list_conversations" time="0.119" /><testcase classname="tests.test_laila_api.TestConversationsEndpoint" name="test_list_conversations_empty_device" time="0.204" /><testcase classname="tests.test_laila_api.TestMessagesEndpoint" name="test_get_messages" time="0.156" /><testcase classname="tests.test_laila_api.TestMessagesEndpoint" name="test_get_messages_nonexistent_conversation" time="0.119" /><testcase classname="tests.test_laila_api.TestDeleteConversation" name="test_delete_conversation" time="0.251" /><testcase classname="tests.test_laila_api.TestDeleteConversation" name="test_delete_nonexistent_conversation" time="0.200" /><testcase classname="tests.test_laila_api.TestCleanup" name="test_cleanup_test_conversations" time="1.400" /></testsuite></testsuites>