<?xml version="1.0" encoding="utf-8"?><testsuites name="pytest tests"><testsuite name="pytest" errors="0" failures="0" skipped="0" tests="15" time="26.848" timestamp="2026-04-17T18:58:09.309002+00:00" hostname="agent-env-8c001e18-d485-47ab-8c59-209395b89802"><testcase classname="tests.test_iteration8_final_polish.TestAuth" name="test_login_with_test_credentials" time="0.334" /><testcase classname="tests.test_iteration8_final_polish.TestChatHumanTone" name="test_chat_human_tone_english" time="1.159" /><testcase classname="tests.test_iteration8_final_polish.TestChatHumanTone" name="test_chat_human_tone_french" time="1.006" /><testcase classname="tests.test_iteration8_final_polish.TestChatHumanTone" name="test_chat_human_tone_italian" time="0.940" /><testcase classname="tests.test_iteration8_final_polish.TestChatHumanTone" name="test_chat_human_tone_wolof" time="1.143" /><testcase classname="tests.test_iteration8_final_polish.TestImageGeneration" name="test_generate_image_with_prompt" time="12.542" /><testcase classname="tests.test_iteration8_final_polish.TestSettings" name="test_get_settings_returns_defaults" time="0.286" /><testcase classname="tests.test_iteration8_final_polish.TestMemory" name="test_get_memory" time="0.217" /><testcase classname="tests.test_iteration8_final_polish.TestMemory" name="test_memory_extraction_categories" time="4.074" /><testcase classname="tests.test_iteration8_final_polish.TestPaymentPlans" name="test_get_payment_plans" time="0.110" /><testcase classname="tests.test_iteration8_final_polish.TestTranslate" name="test_translate_endpoint" time="0.974" /><testcase classname="tests.test_iteration8_final_polish.TestTTS" name="test_tts_endpoint" time="2.050" /><testcase classname="tests.test_iteration8_final_polish.TestExistingFeatures" name="test_chat_endpoint" time="1.454" /><testcase classname="tests.test_iteration8_final_polish.TestExistingFeatures" name="test_conversations_list" time="0.202" /><testcase classname="tests.test_iteration8_final_polish.TestExistingFeatures" name="test_auth_me_endpoint" time="0.252" /></testsuite></testsuites>