<?xml version="1.0" encoding="utf-8"?><testsuites name="pytest tests"><testsuite name="pytest" errors="0" failures="1" skipped="0" tests="20" time="20.884" timestamp="2026-04-17T09:17:08.616648+00:00" hostname="agent-env-8c001e18-d485-47ab-8c59-209395b89802"><testcase classname="tests.test_auth.TestAuthRegister" name="test_register_new_user_success" time="0.359" /><testcase classname="tests.test_auth.TestAuthRegister" name="test_register_duplicate_email_fails" time="0.195" /><testcase classname="tests.test_auth.TestAuthRegister" name="test_register_invalid_email_fails" time="0.140" /><testcase classname="tests.test_auth.TestAuthRegister" name="test_register_short_password_fails" time="0.177" /><testcase classname="tests.test_auth.TestAuthLogin" name="test_login_correct_credentials_success" time="0.382" /><testcase classname="tests.test_auth.TestAuthLogin" name="test_login_wrong_password_fails" time="0.217" /><testcase classname="tests.test_auth.TestAuthLogin" name="test_login_nonexistent_email_fails" time="0.137" /><testcase classname="tests.test_auth.TestAuthMe" name="test_auth_me_with_valid_token" time="0.153" /><testcase classname="tests.test_auth.TestAuthMe" name="test_auth_me_without_token_fails" time="0.146" /><testcase classname="tests.test_auth.TestAuthMe" name="test_auth_me_with_invalid_token_fails" time="0.140" /><testcase classname="tests.test_auth.TestAuthLogout" name="test_logout_with_token_success" time="0.277" /><testcase classname="tests.test_auth.TestAuthLogout" name="test_logout_without_token_success" time="0.201" /><testcase classname="tests.test_auth.TestChatWithAuth" name="test_chat_with_auth_token_increments_daily_count" time="1.204" /><testcase classname="tests.test_auth.TestChatWithAuth" name="test_chat_without_auth_still_works" time="1.005" /><testcase classname="tests.test_auth.TestCreatorIdentity" name="test_creator_identity_bathie_sarr" time="0.631" /><testcase classname="tests.test_auth.TestCreatorIdentity" name="test_creator_identity_variations" time="5.059" /><testcase classname="tests.test_auth.TestImageChatWithAuth" name="test_image_chat_with_auth_token" time="6.031"><failure message="AssertionError: Expected 200, got 500: {&quot;detail&quot;:&quot;Failed to generate chat completion: litellm.BadRequestError: OpenAIException - litellm.BadRequestError: OpenAIException - Invalid file data: 'messages[2].content[0].file.file_data'. Expected a base64-encoded data URL with an application/pdf MIME type (e.g. 'data:application/pdf;base64,SGVsbG8sIFdvcmxkIQ=='), but got unsupported MIME type 'image/png'.. Received Model Group=gpt-4o\nAvailable Model Group Fallbacks=None&quot;}&#10;assert 500 == 200&#10; +  where 500 = &lt;Response [500]&gt;.status_code">tests/test_auth.py:372: in test_image_chat_with_auth_token
    assert response.status_code == 200, f"Expected 200, got {response.status_code}: {response.text}"
E   AssertionError: Expected 200, got 500: {"detail":"Failed to generate chat completion: litellm.BadRequestError: OpenAIException - litellm.BadRequestError: OpenAIException - Invalid file data: 'messages[2].content[0].file.file_data'. Expected a base64-encoded data URL with an application/pdf MIME type (e.g. 'data:application/pdf;base64,SGVsbG8sIFdvcmxkIQ=='), but got unsupported MIME type 'image/png'.. Received Model Group=gpt-4o\nAvailable Model Group Fallbacks=None"}
E   assert 500 == 200
E    +  where 500 = &lt;Response [500]&gt;.status_code</failure></testcase><testcase classname="tests.test_auth.TestExistingEndpointsStillWork" name="test_translate_endpoint_still_works" time="0.913" /><testcase classname="tests.test_auth.TestExistingEndpointsStillWork" name="test_generate_endpoint_still_works" time="3.238" /><testcase classname="tests.test_auth.TestCleanup" name="test_cleanup_test_user" time="0.000" /></testsuite></testsuites>