<?xml version="1.0" encoding="utf-8"?><testsuites name="pytest tests"><testsuite name="pytest" errors="0" failures="0" skipped="0" tests="21" time="56.463" timestamp="2026-04-16T09:03:01.638489+00:00" hostname="agent-env-8c001e18-d485-47ab-8c59-209395b89802"><testcase classname="tests.test_laila_api.TestHealthCheck" name="test_health_endpoint" time="0.191" /><testcase classname="tests.test_laila_api.TestChatEndpoint" name="test_chat_create_new_conversation" time="1.701" /><testcase classname="tests.test_laila_api.TestChatEndpoint" name="test_chat_continue_conversation" time="3.595" /><testcase classname="tests.test_laila_api.TestChatEndpoint" name="test_chat_missing_fields" time="0.129" /><testcase classname="tests.test_laila_api.TestTranslateEndpoint" name="test_translate_french_to_english" time="1.170" /><testcase classname="tests.test_laila_api.TestTranslateEndpoint" name="test_translate_english_to_wolof" time="1.202" /><testcase classname="tests.test_laila_api.TestTranslateEndpoint" name="test_translate_missing_fields" time="0.104" /><testcase classname="tests.test_laila_api.TestGenerateEndpoint" name="test_generate_cv" time="3.854" /><testcase classname="tests.test_laila_api.TestGenerateEndpoint" name="test_generate_job_ideas" time="9.185" /><testcase classname="tests.test_laila_api.TestGenerateEndpoint" name="test_generate_business_ideas" time="15.819" /><testcase classname="tests.test_laila_api.TestGenerateEndpoint" name="test_generate_homework" time="4.446" /><testcase classname="tests.test_laila_api.TestGenerateEndpoint" name="test_generate_social_media" time="7.276" /><testcase classname="tests.test_laila_api.TestGenerateEndpoint" name="test_generate_professional_message" time="5.926" /><testcase classname="tests.test_laila_api.TestGenerateEndpoint" name="test_generate_invalid_type" time="0.169" /><testcase classname="tests.test_laila_api.TestConversationsEndpoint" name="test_list_conversations" time="0.141" /><testcase classname="tests.test_laila_api.TestConversationsEndpoint" name="test_list_conversations_empty_device" time="0.099" /><testcase classname="tests.test_laila_api.TestMessagesEndpoint" name="test_get_messages" time="0.117" /><testcase classname="tests.test_laila_api.TestMessagesEndpoint" name="test_get_messages_nonexistent_conversation" time="0.113" /><testcase classname="tests.test_laila_api.TestDeleteConversation" name="test_delete_conversation" time="0.200" /><testcase classname="tests.test_laila_api.TestDeleteConversation" name="test_delete_nonexistent_conversation" time="0.108" /><testcase classname="tests.test_laila_api.TestCleanup" name="test_cleanup_test_conversations" time="0.844" /></testsuite></testsuites>