<?xml version="1.0" encoding="utf-8"?><testsuites name="pytest tests"><testsuite name="pytest" errors="0" failures="0" skipped="0" tests="20" time="4.253" timestamp="2026-04-17T09:44:54.680265+00:00" hostname="agent-env-8c001e18-d485-47ab-8c59-209395b89802"><testcase classname="tests.test_payment.TestPaymentPlans" name="test_get_plans_returns_3_plans" time="0.239" /><testcase classname="tests.test_payment.TestPaymentPlans" name="test_plans_have_correct_ids" time="0.149" /><testcase classname="tests.test_payment.TestPaymentPlans" name="test_plans_have_correct_prices_fcfa" time="0.146" /><testcase classname="tests.test_payment.TestPaymentPlans" name="test_plans_have_correct_durations" time="0.150" /><testcase classname="tests.test_payment.TestPaymentInitiate" name="test_initiate_payment_requires_auth" time="0.317" /><testcase classname="tests.test_payment.TestPaymentInitiate" name="test_initiate_payment_invalid_plan_fails" time="0.118" /><testcase classname="tests.test_payment.TestPaymentInitiate" name="test_initiate_payment_invalid_method_fails" time="0.125" /><testcase classname="tests.test_payment.TestPaymentInitiate" name="test_initiate_payment_wave_success" time="0.120" /><testcase classname="tests.test_payment.TestPaymentInitiate" name="test_initiate_payment_orange_money_success" time="0.145" /><testcase classname="tests.test_payment.TestPaymentInitiate" name="test_payment_upgrades_user_to_premium" time="0.107" /><testcase classname="tests.test_payment.TestPaymentStatus" name="test_payment_status_requires_auth" time="0.095" /><testcase classname="tests.test_payment.TestPaymentStatus" name="test_payment_status_not_found" time="0.233" /><testcase classname="tests.test_payment.TestPaymentStatus" name="test_payment_status_success" time="0.277" /><testcase classname="tests.test_payment.TestPaymentHistory" name="test_payment_history_requires_auth" time="0.101" /><testcase classname="tests.test_payment.TestPaymentHistory" name="test_payment_history_returns_user_payments" time="0.249" /><testcase classname="tests.test_payment.TestPaymentHistory" name="test_payment_history_empty_for_new_user" time="0.233" /><testcase classname="tests.test_payment.TestExistingEndpointsRegression" name="test_auth_register_still_works" time="0.130" /><testcase classname="tests.test_payment.TestExistingEndpointsRegression" name="test_auth_login_still_works" time="0.140" /><testcase classname="tests.test_payment.TestExistingEndpointsRegression" name="test_chat_endpoint_still_works" time="1.074" /><testcase classname="tests.test_payment.TestCleanup" name="test_cleanup_note" time="0.000" /></testsuite></testsuites>