<?xml version="1.0" encoding="utf-8"?><testsuites name="pytest tests"><testsuite name="pytest" errors="0" failures="0" skipped="0" tests="12" time="66.301" timestamp="2026-04-16T12:13:03.167978+00:00" hostname="agent-env-8c001e18-d485-47ab-8c59-209395b89802"><testcase classname="tests.test_tts.TestTTSEndpoint" name="test_tts_valid_text_english" time="2.969" /><testcase classname="tests.test_tts.TestTTSEndpoint" name="test_tts_valid_text_french" time="2.091" /><testcase classname="tests.test_tts.TestTTSEndpoint" name="test_tts_valid_text_italian" time="1.144" /><testcase classname="tests.test_tts.TestTTSEndpoint" name="test_tts_valid_text_wolof" time="1.098" /><testcase classname="tests.test_tts.TestTTSEndpoint" name="test_tts_empty_text" time="0.172" /><testcase classname="tests.test_tts.TestTTSEndpoint" name="test_tts_whitespace_only_text" time="0.147" /><testcase classname="tests.test_tts.TestTTSEndpoint" name="test_tts_missing_text_field" time="0.115" /><testcase classname="tests.test_tts.TestTTSEndpoint" name="test_tts_default_voice" time="1.928" /><testcase classname="tests.test_tts.TestTTSEndpoint" name="test_tts_long_text" time="49.677" /><testcase classname="tests.test_tts.TestTTSEndpoint" name="test_tts_special_characters" time="3.363" /><testcase classname="tests.test_tts.TestTTSEndpoint" name="test_tts_short_text" time="1.911" /><testcase classname="tests.test_tts.TestTTSEndpoint" name="test_tts_numbers_and_punctuation" time="1.493" /></testsuite></testsuites>