<?xml version="1.0" encoding="utf-8"?><testsuites name="pytest tests"><testsuite name="pytest" errors="0" failures="0" skipped="0" tests="21" time="50.546" timestamp="2026-04-16T08:03:49.813513+00:00" hostname="agent-env-8c001e18-d485-47ab-8c59-209395b89802"><testcase classname="tests.test_laila_api.TestHealthCheck" name="test_health_endpoint" time="0.239" /><testcase classname="tests.test_laila_api.TestChatEndpoint" name="test_chat_create_new_conversation" time="1.684" /><testcase classname="tests.test_laila_api.TestChatEndpoint" name="test_chat_continue_conversation" time="5.152" /><testcase classname="tests.test_laila_api.TestChatEndpoint" name="test_chat_missing_fields" time="0.116" /><testcase classname="tests.test_laila_api.TestTranslateEndpoint" name="test_translate_french_to_english" time="1.729" /><testcase classname="tests.test_laila_api.TestTranslateEndpoint" name="test_translate_english_to_wolof" time="1.345" /><testcase classname="tests.test_laila_api.TestTranslateEndpoint" name="test_translate_missing_fields" time="0.100" /><testcase classname="tests.test_laila_api.TestGenerateEndpoint" name="test_generate_cv" time="5.622" /><testcase classname="tests.test_laila_api.TestGenerateEndpoint" name="test_generate_job_ideas" time="8.384" /><testcase classname="tests.test_laila_api.TestGenerateEndpoint" name="test_generate_business_ideas" time="11.343" /><testcase classname="tests.test_laila_api.TestGenerateEndpoint" name="test_generate_homework" time="3.372" /><testcase classname="tests.test_laila_api.TestGenerateEndpoint" name="test_generate_social_media" time="6.260" /><testcase classname="tests.test_laila_api.TestGenerateEndpoint" name="test_generate_professional_message" time="3.361" /><testcase classname="tests.test_laila_api.TestGenerateEndpoint" name="test_generate_invalid_type" time="0.138" /><testcase classname="tests.test_laila_api.TestConversationsEndpoint" name="test_list_conversations" time="0.097" /><testcase classname="tests.test_laila_api.TestConversationsEndpoint" name="test_list_conversations_empty_device" time="0.102" /><testcase classname="tests.test_laila_api.TestMessagesEndpoint" name="test_get_messages" time="0.104" /><testcase classname="tests.test_laila_api.TestMessagesEndpoint" name="test_get_messages_nonexistent_conversation" time="0.108" /><testcase classname="tests.test_laila_api.TestDeleteConversation" name="test_delete_conversation" time="0.203" /><testcase classname="tests.test_laila_api.TestDeleteConversation" name="test_delete_nonexistent_conversation" time="0.108" /><testcase classname="tests.test_laila_api.TestCleanup" name="test_cleanup_test_conversations" time="0.901" /></testsuite></testsuites>