<?xml version="1.0" encoding="utf-8"?><testsuites name="pytest tests"><testsuite name="pytest" errors="0" failures="1" skipped="0" tests="13" time="57.621" timestamp="2026-04-17T21:58:09.851864+00:00" hostname="agent-env-8c001e18-d485-47ab-8c59-209395b89802"><testcase classname="tests.test_iteration10_voice_call.TestAuthEndpoint" name="test_login_success" time="0.277"><failure message="AssertionError: assert 'user' in {'daily_messages': 35, 'email': 'test@laila.ai', 'name': 'Test User', 'tier': 'premium', ...}">tests/test_iteration10_voice_call.py:52: in test_login_success
    assert "user" in data
E   AssertionError: assert 'user' in {'daily_messages': 35, 'email': 'test@laila.ai', 'name': 'Test User', 'tier': 'premium', ...}</failure></testcase><testcase classname="tests.test_iteration10_voice_call.TestChatEndpoint" name="test_chat_basic" time="1.393" /><testcase classname="tests.test_iteration10_voice_call.TestTranscribeEndpoint" name="test_transcribe_endpoint_exists" time="0.163" /><testcase classname="tests.test_iteration10_voice_call.TestTranscribeEndpoint" name="test_transcribe_empty_file_rejected" time="0.104" /><testcase classname="tests.test_iteration10_voice_call.TestTranscribeEndpoint" name="test_transcribe_accepts_multipart_form" time="6.561" /><testcase classname="tests.test_iteration10_voice_call.TestTranscribeEndpoint" name="test_transcribe_file_too_large" time="1.074" /><testcase classname="tests.test_iteration10_voice_call.TestTTSEndpoint" name="test_tts_endpoint_exists" time="0.105" /><testcase classname="tests.test_iteration10_voice_call.TestTTSEndpoint" name="test_tts_valid_text_english" time="1.968" /><testcase classname="tests.test_iteration10_voice_call.TestTTSEndpoint" name="test_tts_empty_text_rejected" time="0.115" /><testcase classname="tests.test_iteration10_voice_call.TestTTSEndpoint" name="test_tts_whitespace_only_rejected" time="0.221" /><testcase classname="tests.test_iteration10_voice_call.TestTTSEndpoint" name="test_tts_default_voice" time="1.554" /><testcase classname="tests.test_iteration10_voice_call.TestTTSEndpoint" name="test_tts_long_text_truncated" time="39.822" /><testcase classname="tests.test_iteration10_voice_call.TestVoiceCallFlow" name="test_voice_call_flow_simulation" time="4.160" /></testsuite></testsuites>