<?xml version="1.0" encoding="utf-8"?><testsuites name="pytest tests"><testsuite name="pytest" errors="0" failures="0" skipped="0" tests="8" time="36.566" timestamp="2026-04-16T09:02:20.306142+00:00" hostname="agent-env-8c001e18-d485-47ab-8c59-209395b89802"><testcase classname="tests.test_transcribe.TestTranscribeEndpoint" name="test_transcribe_missing_file" time="0.242" /><testcase classname="tests.test_transcribe.TestTranscribeEndpoint" name="test_transcribe_empty_file" time="0.132" /><testcase classname="tests.test_transcribe.TestTranscribeEndpoint" name="test_transcribe_with_valid_audio_file" time="1.265" /><testcase classname="tests.test_transcribe.TestTranscribeEndpoint" name="test_transcribe_with_language_parameter" time="0.672" /><testcase classname="tests.test_transcribe.TestTranscribeEndpoint" name="test_transcribe_file_too_large" time="0.997" /><testcase classname="tests.test_transcribe.TestTranscribeEndpoint" name="test_transcribe_supported_languages" time="26.827" /><testcase classname="tests.test_transcribe.TestTranscribeIntegration" name="test_transcribe_endpoint_exists" time="0.150" /><testcase classname="tests.test_transcribe.TestTranscribeIntegration" name="test_transcribe_accepts_multipart_form" time="6.211" /></testsuite></testsuites>