<?xml version="1.0" encoding="utf-8"?><testsuites name="pytest tests"><testsuite name="pytest" errors="0" failures="0" skipped="0" tests="12" time="17.973" timestamp="2026-04-17T19:28:18.913024+00:00" hostname="agent-env-8c001e18-d485-47ab-8c59-209395b89802"><testcase classname="tests.test_iteration9_v3_final.TestAuth" name="test_login_works" time="0.257" /><testcase classname="tests.test_iteration9_v3_final.TestAuth" name="test_auth_me_returns_tier_label" time="0.288" /><testcase classname="tests.test_iteration9_v3_final.TestReferralSystem" name="test_get_referral_info" time="0.356" /><testcase classname="tests.test_iteration9_v3_final.TestReferralSystem" name="test_apply_own_referral_code_fails" time="0.399" /><testcase classname="tests.test_iteration9_v3_final.TestReferralSystem" name="test_apply_invalid_referral_code_fails" time="0.380" /><testcase classname="tests.test_iteration9_v3_final.TestVoiceStyles" name="test_get_voices_returns_three_styles" time="0.201" /><testcase classname="tests.test_iteration9_v3_final.TestSettings" name="test_get_settings_returns_tts_voice" time="0.278" /><testcase classname="tests.test_iteration9_v3_final.TestSettings" name="test_update_settings_with_tts_voice" time="0.349" /><testcase classname="tests.test_iteration9_v3_final.TestExistingFeatures" name="test_chat_endpoint_works" time="1.812" /><testcase classname="tests.test_iteration9_v3_final.TestExistingFeatures" name="test_image_generation_works" time="10.559" /><testcase classname="tests.test_iteration9_v3_final.TestExistingFeatures" name="test_translate_endpoint_works" time="1.382" /><testcase classname="tests.test_iteration9_v3_final.TestExistingFeatures" name="test_tts_endpoint_works" time="1.619" /></testsuite></testsuites>